
12/11 10:17:11: Launching app
$ adb install-multiple -r -t /Users/zhaojm/company/game-projects/TestApplovinAds/app/build/intermediates/split-apk/debug/dep/dependencies.apk /Users/zhaojm/company/game-projects/TestApplovinAds/app/build/intermediates/split-apk/debug/slices/slice_0.apk /Users/zhaojm/company/game-projects/TestApplovinAds/app/build/intermediates/split-apk/debug/slices/slice_3.apk /Users/zhaojm/company/game-projects/TestApplovinAds/app/build/intermediates/split-apk/debug/slices/slice_5.apk /Users/zhaojm/company/game-projects/TestApplovinAds/app/build/intermediates/split-apk/debug/slices/slice_6.apk /Users/zhaojm/company/game-projects/TestApplovinAds/app/build/intermediates/split-apk/debug/slices/slice_4.apk /Users/zhaojm/company/game-projects/TestApplovinAds/app/build/intermediates/split-apk/debug/slices/slice_2.apk /Users/zhaojm/company/game-projects/TestApplovinAds/app/build/intermediates/split-apk/debug/slices/slice_1.apk /Users/zhaojm/company/game-projects/TestApplovinAds/app/build/intermediates/split-apk/debug/slices/slice_7.apk /Users/zhaojm/company/game-projects/TestApplovinAds/app/build/intermediates/split-apk/debug/slices/slice_9.apk /Users/zhaojm/company/game-projects/TestApplovinAds/app/build/intermediates/split-apk/debug/slices/slice_8.apk /Users/zhaojm/company/game-projects/TestApplovinAds/app/build/intermediates/instant-run-apk/debug/app-debug.apk
Split APKs installed in 16 s 873 ms
$ adb shell am start -n "com.xiuxayo.numbers_blast/com.xiuxayo.numbers_blast.MainActivity" -a android.intent.action.MAIN -c android.intent.category.LAUNCHER
Connected to process 22562 on device xiaomi-mi_note_lte-9b25aab1
Capturing and displaying logcat messages from application. This behavior can be disabled in the "Logcat output" section of the "Debugger" settings page.
W/art: Failed execv(/system/bin/dex2oat --runtime-arg -classpath --runtime-arg  --instruction-set=arm --instruction-set-features=smp,div,atomic_ldrd_strd --runtime-arg -Xrelocate --boot-image=/system/framework/boot.art --non-interactive --runtime-arg -Xms64m --runtime-arg -Xmx512m -j3 --instruction-set-variant=krait --instruction-set-features=default --dex-file=/data/app/com.xiuxayo.numbers_blast-2/split_lib_dependencies_apk.apk --oat-file=/data/dalvik-cache/arm/data@app@com.xiuxayo.numbers_blast-2@split_lib_dependencies_apk.apk@classes.dex) because non-0 exit status
W/art: Fallback to original dex file with interpret-mode for /data/app/com.xiuxayo.numbers_blast-2/split_lib_dependencies_apk.apk
W/art: Failed execv(/system/bin/dex2oat --runtime-arg -classpath --runtime-arg  --instruction-set=arm --instruction-set-features=smp,div,atomic_ldrd_strd --runtime-arg -Xrelocate --boot-image=/system/framework/boot.art --non-interactive --runtime-arg -Xms64m --runtime-arg -Xmx512m -j3 --instruction-set-variant=krait --instruction-set-features=default --dex-file=/data/app/com.xiuxayo.numbers_blast-2/split_lib_slice_0_apk.apk --oat-file=/data/dalvik-cache/arm/data@app@com.xiuxayo.numbers_blast-2@split_lib_slice_0_apk.apk@classes.dex) because non-0 exit status
W/art: Fallback to original dex file with interpret-mode for /data/app/com.xiuxayo.numbers_blast-2/split_lib_slice_0_apk.apk
W/art: Failed execv(/system/bin/dex2oat --runtime-arg -classpath --runtime-arg  --instruction-set=arm --instruction-set-features=smp,div,atomic_ldrd_strd --runtime-arg -Xrelocate --boot-image=/system/framework/boot.art --non-interactive --runtime-arg -Xms64m --runtime-arg -Xmx512m -j3 --instruction-set-variant=krait --instruction-set-features=default --dex-file=/data/app/com.xiuxayo.numbers_blast-2/split_lib_slice_1_apk.apk --oat-file=/data/dalvik-cache/arm/data@app@com.xiuxayo.numbers_blast-2@split_lib_slice_1_apk.apk@classes.dex) because non-0 exit status
W/art: Fallback to original dex file with interpret-mode for /data/app/com.xiuxayo.numbers_blast-2/split_lib_slice_1_apk.apk
W/art: Failed execv(/system/bin/dex2oat --runtime-arg -classpath --runtime-arg  --instruction-set=arm --instruction-set-features=smp,div,atomic_ldrd_strd --runtime-arg -Xrelocate --boot-image=/system/framework/boot.art --non-interactive --runtime-arg -Xms64m --runtime-arg -Xmx512m -j3 --instruction-set-variant=krait --instruction-set-features=default --dex-file=/data/app/com.xiuxayo.numbers_blast-2/split_lib_slice_2_apk.apk --oat-file=/data/dalvik-cache/arm/data@app@com.xiuxayo.numbers_blast-2@split_lib_slice_2_apk.apk@classes.dex) because non-0 exit status
W/art: Fallback to original dex file with interpret-mode for /data/app/com.xiuxayo.numbers_blast-2/split_lib_slice_2_apk.apk
W/art: Failed execv(/system/bin/dex2oat --runtime-arg -classpath --runtime-arg  --instruction-set=arm --instruction-set-features=smp,div,atomic_ldrd_strd --runtime-arg -Xrelocate --boot-image=/system/framework/boot.art --non-interactive --runtime-arg -Xms64m --runtime-arg -Xmx512m -j3 --instruction-set-variant=krait --instruction-set-features=default --dex-file=/data/app/com.xiuxayo.numbers_blast-2/split_lib_slice_3_apk.apk --oat-file=/data/dalvik-cache/arm/data@app@com.xiuxayo.numbers_blast-2@split_lib_slice_3_apk.apk@classes.dex) because non-0 exit status
W/art: Fallback to original dex file with interpret-mode for /data/app/com.xiuxayo.numbers_blast-2/split_lib_slice_3_apk.apk
W/art: Failed execv(/system/bin/dex2oat --runtime-arg -classpath --runtime-arg  --instruction-set=arm --instruction-set-features=smp,div,atomic_ldrd_strd --runtime-arg -Xrelocate --boot-image=/system/framework/boot.art --non-interactive --runtime-arg -Xms64m --runtime-arg -Xmx512m -j3 --instruction-set-variant=krait --instruction-set-features=default --dex-file=/data/app/com.xiuxayo.numbers_blast-2/split_lib_slice_4_apk.apk --oat-file=/data/dalvik-cache/arm/data@app@com.xiuxayo.numbers_blast-2@split_lib_slice_4_apk.apk@classes.dex) because non-0 exit status
W/art: Fallback to original dex file with interpret-mode for /data/app/com.xiuxayo.numbers_blast-2/split_lib_slice_4_apk.apk
W/art: Failed execv(/system/bin/dex2oat --runtime-arg -classpath --runtime-arg  --instruction-set=arm --instruction-set-features=smp,div,atomic_ldrd_strd --runtime-arg -Xrelocate --boot-image=/system/framework/boot.art --non-interactive --runtime-arg -Xms64m --runtime-arg -Xmx512m -j3 --instruction-set-variant=krait --instruction-set-features=default --dex-file=/data/app/com.xiuxayo.numbers_blast-2/split_lib_slice_5_apk.apk --oat-file=/data/dalvik-cache/arm/data@app@com.xiuxayo.numbers_blast-2@split_lib_slice_5_apk.apk@classes.dex) because non-0 exit status
W/art: Fallback to original dex file with interpret-mode for /data/app/com.xiuxayo.numbers_blast-2/split_lib_slice_5_apk.apk
W/art: Failed execv(/system/bin/dex2oat --runtime-arg -classpath --runtime-arg  --instruction-set=arm --instruction-set-features=smp,div,atomic_ldrd_strd --runtime-arg -Xrelocate --boot-image=/system/framework/boot.art --non-interactive --runtime-arg -Xms64m --runtime-arg -Xmx512m -j3 --instruction-set-variant=krait --instruction-set-features=default --dex-file=/data/app/com.xiuxayo.numbers_blast-2/split_lib_slice_6_apk.apk --oat-file=/data/dalvik-cache/arm/data@app@com.xiuxayo.numbers_blast-2@split_lib_slice_6_apk.apk@classes.dex) because non-0 exit status
W/art: Fallback to original dex file with interpret-mode for /data/app/com.xiuxayo.numbers_blast-2/split_lib_slice_6_apk.apk
W/art: Failed execv(/system/bin/dex2oat --runtime-arg -classpath --runtime-arg  --instruction-set=arm --instruction-set-features=smp,div,atomic_ldrd_strd --runtime-arg -Xrelocate --boot-image=/system/framework/boot.art --non-interactive --runtime-arg -Xms64m --runtime-arg -Xmx512m -j3 --instruction-set-variant=krait --instruction-set-features=default --dex-file=/data/app/com.xiuxayo.numbers_blast-2/split_lib_slice_7_apk.apk --oat-file=/data/dalvik-cache/arm/data@app@com.xiuxayo.numbers_blast-2@split_lib_slice_7_apk.apk@classes.dex) because non-0 exit status
W/art: Fallback to original dex file with interpret-mode for /data/app/com.xiuxayo.numbers_blast-2/split_lib_slice_7_apk.apk
W/art: Failed execv(/system/bin/dex2oat --runtime-arg -classpath --runtime-arg  --instruction-set=arm --instruction-set-features=smp,div,atomic_ldrd_strd --runtime-arg -Xrelocate --boot-image=/system/framework/boot.art --non-interactive --runtime-arg -Xms64m --runtime-arg -Xmx512m -j3 --instruction-set-variant=krait --instruction-set-features=default --dex-file=/data/app/com.xiuxayo.numbers_blast-2/split_lib_slice_8_apk.apk --oat-file=/data/dalvik-cache/arm/data@app@com.xiuxayo.numbers_blast-2@split_lib_slice_8_apk.apk@classes.dex) because non-0 exit status
W/art: Fallback to original dex file with interpret-mode for /data/app/com.xiuxayo.numbers_blast-2/split_lib_slice_8_apk.apk
W/art: Failed execv(/system/bin/dex2oat --runtime-arg -classpath --runtime-arg  --instruction-set=arm --instruction-set-features=smp,div,atomic_ldrd_strd --runtime-arg -Xrelocate --boot-image=/system/framework/boot.art --non-interactive --runtime-arg -Xms64m --runtime-arg -Xmx512m -j3 --instruction-set-variant=krait --instruction-set-features=default --dex-file=/data/app/com.xiuxayo.numbers_blast-2/split_lib_slice_9_apk.apk --oat-file=/data/dalvik-cache/arm/data@app@com.xiuxayo.numbers_blast-2@split_lib_slice_9_apk.apk@classes.dex) because non-0 exit status
W/art: Fallback to original dex file with interpret-mode for /data/app/com.xiuxayo.numbers_blast-2/split_lib_slice_9_apk.apk
W/System: ClassLoader referenced unknown path: /data/app/com.xiuxayo.numbers_blast-2/lib/arm
I/InstantRun: starting instant run server: is main process
W/art: Before Android 4.1, method android.graphics.PorterDuffColorFilter android.support.graphics.drawable.VectorDrawableCompat.updateTintFilter(android.graphics.PorterDuffColorFilter, android.content.res.ColorStateList, android.graphics.PorterDuff$Mode) would have incorrectly overridden the package-private method in android.graphics.drawable.Drawable
W/System: ClassLoader referenced unknown path: /system/app/MiuiContentCatcher/lib/arm
D/AccessibilityManager: current package=com.xiuxayo.numbers_blast, accessibility manager mIsFinalEnabled=false, mOptimizeEnabled=false, mIsUiAutomationEnabled=false, mIsInterestedPackage=false
V/BoostFramework: BoostFramework() : mPerf = com.qualcomm.qti.Performance@75404d5
    BoostFramework() : mPerf = com.qualcomm.qti.Performance@9fd24ea
I/art: Rejecting re-init on previously-failed class java.lang.Class<android.support.v4.view.ViewCompat$OnUnhandledKeyEventListenerWrapper>
    Rejecting re-init on previously-failed class java.lang.Class<android.support.v4.view.ViewCompat$OnUnhandledKeyEventListenerWrapper>
D/AppLovinSdk: SDK has not been updated since last run. Continuing...
D/OpenGLRenderer: Use EGL_SWAP_BEHAVIOR_PRESERVED: true
W/System: ClassLoader referenced unknown path: /system/framework/tcmclient.jar
I/Adreno-EGL: <qeglDrvAPI_eglInitialize:379>: EGL 1.4 QUALCOMM build: AU_LINUX_ANDROID_LA.BF.1.1.3_RB1.06.00.01.181.013_msm8974_refs/tags/AU_LINUX_ANDROID_LA.BF.1.1.3_RB1.06.00.01.181.013__release_AU (I48a9d37399)
    OpenGL ES Shader Compiler Version: E031.29.00.00
    Build Date: 11/17/16 Thu
    Local Branch:
    Remote Branch: refs/tags/AU_LINUX_ANDROID_LA.BF.1.1.3_RB1.06.00.01.181.013
    Local Patches: NONE
    Reconstruct Branch: NOTHING
I/OpenGLRenderer: Initialized EGL, version 1.4
W/art: Before Android 4.1, method int android.support.v7.widget.DropDownListView.lookForSelectablePosition(int, boolean) would have incorrectly overridden the package-private method in android.widget.ListView
W/GooglePlayServicesUtil: Google Play services out of date.  Requires 12451000 but found 10298036
W/GooglePlayServicesUtil: Google Play services out of date.  Requires 12451000 but found 10298036
W/GooglePlayServicesUtil: Google Play services out of date.  Requires 12451000 but found 10298036
D/MainActivity: log: Interstitial loading...
W/GooglePlayServicesUtil: Google Play services out of date.  Requires 12451000 but found 10298036
D/MainActivity: log: Interstitial Loaded
D/MainActivity: log: Showing...
D/MainActivity: log: Interstitial Hidden